[debug] [2022-02-22T13:15:48.618Z] ----------------------------------------------------------------------
[debug] [2022-02-22T13:15:48.621Z] Command:       C:\Program Files\nodejs\node.exe C:\Users\Dell\AppData\Roaming\npm\node_modules\firebase-tools\lib\bin\firebase.js init
[debug] [2022-02-22T13:15:48.621Z] CLI Version:   10.1.4
[debug] [2022-02-22T13:15:48.622Z] Platform:      win32
[debug] [2022-02-22T13:15:48.622Z] Node Version:  v16.6.0
[debug] [2022-02-22T13:15:48.623Z] Time:          Tue Feb 22 2022 14:15:48 GMT+0100 (West Africa Standard Time)
[debug] [2022-02-22T13:15:48.623Z] ----------------------------------------------------------------------
[debug] 
[debug] [2022-02-22T13:15:48.733Z] > command requires scopes: ["email","openid","https://www.googleapis.com/auth/cloudplatformprojects.readonly","https://www.googleapis.com/auth/firebase","https://www.googleapis.com/auth/cloud-platform"]
[debug] [2022-02-22T13:15:48.734Z] > authorizing via signed-in user (tagorderapp@gmail.com)
[info] 
     ######## #### ########  ######## ########     ###     ######  ########
     ##        ##  ##     ## ##       ##     ##  ##   ##  ##       ##
     ######    ##  ########  ######   ########  #########  ######  ######
     ##        ##  ##    ##  ##       ##     ## ##     ##       ## ##
     ##       #### ##     ## ######## ########  ##     ##  ######  ########

You're about to initialize a Firebase project in this directory:

  C:\Users\Dell\Documents\material-kit-react-main

Before we get started, keep in mind:

  * You are initializing within an existing Firebase project directory

[info] 
=== Account Setup
[info] 
[info] Which account do you want to use for this project? Choose an account or add a new one now
[info] 
[debug] [2022-02-22T13:16:08.545Z] setProjectAccount(C:\Users\Dell\Documents\material-kit-react-main, tagorderapp@gmail.com)
[info] 
[info] +  Using account: tagorderapp@gmail.com 
[info] 
=== Project Setup
[info] 
[info] First, let's associate this project directory with a Firebase project.
[info] You can create multiple project aliases by running firebase use --add, 
[info] but for now we'll just set up a default project.
[info] 
[debug] [2022-02-22T13:16:08.566Z] Using project from CLI flag: order-app-9863d
[debug] [2022-02-22T13:16:08.574Z] >>> [apiv2][query] GET https://firebase.googleapis.com/v1beta1/projects/order-app-9863d [none]
[debug] [2022-02-22T13:16:29.657Z] Failed to make request to https://firebase.googleapis.com/v1beta1/projects/order-app-9863d
[debug] [2022-02-22T13:16:47.199Z] FirebaseError: Failed to make request to https://firebase.googleapis.com/v1beta1/projects/order-app-9863d
    at RetryOperation._fn (C:\Users\Dell\AppData\Roaming\npm\node_modules\firebase-tools\lib\apiv2.js:240:31)
    at processTicksAndRejections (node:internal/process/task_queues:96:5)
[error] 
[error] Error: Failed to get Firebase project order-app-9863d. Please make sure the project exists and your account has permission to access it.
